\BOOKMARK [1][-]{section.1}{Introduction}{}% 1
\BOOKMARK [2][-]{subsection.1.1}{Goals and Motivation}{section.1}% 2
\BOOKMARK [3][-]{subsubsection.1.1.1}{A Decentralized Infrastructure}{subsection.1.1}% 3
\BOOKMARK [3][-]{subsubsection.1.1.2}{Automatic and Free Certificate}{subsection.1.1}% 4
\BOOKMARK [3][-]{subsubsection.1.1.3}{Compatibility}{subsection.1.1}% 5
\BOOKMARK [3][-]{subsubsection.1.1.4}{Framework}{subsection.1.1}% 6
\BOOKMARK [2][-]{subsection.1.2}{Building Blocks}{section.1}% 7
\BOOKMARK [3][-]{subsubsection.1.2.1}{Let's Encrypt}{subsection.1.2}% 8
\BOOKMARK [3][-]{subsubsection.1.2.2}{Cothority}{subsection.1.2}% 9
\BOOKMARK [3][-]{subsubsection.1.2.3}{SkipChain}{subsection.1.2}% 10
\BOOKMARK [3][-]{subsubsection.1.2.4}{CISC}{subsection.1.2}% 11
\BOOKMARK [2][-]{subsection.1.3}{Related Project}{section.1}% 12
\BOOKMARK [3][-]{subsubsection.1.3.1}{Google's Certificate Transparency}{subsection.1.3}% 13
\BOOKMARK [1][-]{section.2}{The Project}{}% 14
\BOOKMARK [2][-]{subsection.2.1}{Description}{section.2}% 15
\BOOKMARK [3][-]{subsubsection.2.1.1}{Request Certificates}{subsection.2.1}% 16
\BOOKMARK [3][-]{subsubsection.2.1.2}{Renew Certificates}{subsection.2.1}% 17
\BOOKMARK [3][-]{subsubsection.2.1.3}{Voting}{subsection.2.1}% 18
\BOOKMARK [3][-]{subsubsection.2.1.4}{Retrieve Certificates}{subsection.2.1}% 19
\BOOKMARK [3][-]{subsubsection.2.1.5}{Other Functionality}{subsection.2.1}% 20
\BOOKMARK [2][-]{subsection.2.2}{Limitation}{section.2}% 21
\BOOKMARK [2][-]{subsection.2.3}{Results}{section.2}% 22
\BOOKMARK [2][-]{subsection.2.4}{Future Work}{section.2}% 23
\BOOKMARK [2][-]{subsection.2.5}{Conclusion}{section.2}% 24
\BOOKMARK [1][-]{section.3}{User Guide}{}% 25
\BOOKMARK [2][-]{subsection.3.1}{Initialization}{section.3}% 26
\BOOKMARK [3][-]{subsubsection.3.1.1}{Requirement}{subsection.3.1}% 27
\BOOKMARK [3][-]{subsubsection.3.1.2}{Run conodes}{subsection.3.1}% 28
\BOOKMARK [2][-]{subsection.3.2}{Cisc Commands Overview}{section.3}% 29
\BOOKMARK [2][-]{subsection.3.3}{Utilization}{section.3}% 30
\BOOKMARK [3][-]{subsubsection.3.3.1}{Run and Set Up Cisc}{subsection.3.3}% 31
\BOOKMARK [3][-]{subsubsection.3.3.2}{Connect to an Existing Cisc}{subsection.3.3}% 32
\BOOKMARK [3][-]{subsubsection.3.3.3}{Add a certificate in Cisc}{subsection.3.3}% 33
\BOOKMARK [3][-]{subsubsection.3.3.4}{Renew a certificate}{subsection.3.3}% 34
\BOOKMARK [3][-]{subsubsection.3.3.5}{Voting}{subsection.3.3}% 35
\BOOKMARK [3][-]{subsubsection.3.3.6}{Retrieve a certificate}{subsection.3.3}% 36
